1 0.617
3 0.388
5 0.343
7 0.358
9 0.366
11 0.34
13 0.35
15 0.321
17 0.337
19 0.356
21 0.345
23 0.362
25 0.354
27 0.37
29 0.398
31 0.358
33 0.352
35 0.35
37 0.34
39 0.31
41 0.306
43 0.32
45 0.305
47 0.295
49 0.297
51 0.29
53 0.282
55 0.291
57 0.284
59 0.263
61 0.263
63 0.268
65 0.268
67 0.257
69 0.264
71 0.269
73 0.276
75 0.285
77 0.279
79 0.28
81 0.286
83 0.294
85 0.267
87 0.269
89 0.282
91 0.291
93 0.287
95 0.271
97 0.275
99 0.288
101 0.3
103 0.253
105 0.267
107 0.27
109 0.255
111 0.281
113 0.299
115 0.277
117 0.28
119 0.26
121 0.269
123 0.274
125 0.289
127 0.3
129 0.249
131 0.265
133 0.265
135 0.269
137 0.267
139 0.256
141 0.266
143 0.259
145 0.259
147 0.235
149 0.227
151 0.265
153 0.257
155 0.256
157 0.254
159 0.263
161 0.249
163 0.227
165 0.257
167 0.27
169 0.249
171 0.252
173 0.229
175 0.241
177 0.268
179 0.244
181 0.218
183 0.262
185 0.245
187 0.25
189 0.257
191 0.247
193 0.239
195 0.236
197 0.254
199 0.25
201 0.245
203 0.237
205 0.254
207 0.245
209 0.241
211 0.235
213 0.243
215 0.256
217 0.234
219 0.25
221 0.234
223 0.261
225 0.236
227 0.246
229 0.259
231 0.218
233 0.242
235 0.25
237 0.25
239 0.222
241 0.211
243 0.232
245 0.246
247 0.227
249 0.263
251 0.232
253 0.225
255 0.229
257 0.229
259 0.241
261 0.248
263 0.222
265 0.237
267 0.212
269 0.239
271 0.233
273 0.213
275 0.223
277 0.241
