1 0.383
3 0.281
5 0.249
7 0.196
9 0.211
11 0.175
13 0.174
15 0.175
17 0.175
19 0.159
21 0.17
23 0.149
25 0.156
27 0.16
29 0.148
31 0.148
33 0.154
35 0.143
37 0.152
39 0.151
41 0.141
43 0.142
45 0.149
47 0.149
49 0.142
51 0.144
53 0.146
55 0.14
57 0.14
59 0.136
61 0.138
63 0.146
65 0.135
67 0.133
69 0.148
71 0.142
73 0.146
75 0.137
77 0.133
79 0.132
81 0.134
83 0.137
85 0.138
87 0.136
89 0.142
91 0.14
93 0.135
95 0.139
97 0.131
99 0.141
101 0.129
103 0.134
105 0.136
107 0.142
109 0.142
111 0.132
113 0.127
115 0.142
117 0.139
119 0.141
121 0.132
123 0.136
125 0.136
127 0.136
129 0.136
131 0.13
133 0.13
135 0.129
137 0.133
139 0.134
141 0.135
143 0.137
145 0.135
147 0.129
149 0.13
151 0.133
153 0.135
155 0.133
157 0.136
159 0.135
161 0.131
163 0.127
165 0.134
167 0.136
169 0.142
171 0.135
173 0.139
175 0.134
177 0.14
179 0.136
181 0.136
183 0.137
185 0.133
187 0.129
189 0.134
191 0.137
193 0.134
195 0.128
197 0.138
199 0.134
201 0.129
203 0.133
205 0.138
207 0.135
209 0.133
211 0.135
213 0.133
215 0.136
217 0.132
219 0.13
221 0.133
223 0.129
225 0.13
227 0.129
229 0.134
231 0.137
233 0.13
235 0.14
237 0.128
239 0.131
241 0.133
243 0.13
245 0.136
247 0.137
249 0.128
251 0.136
253 0.135
255 0.133
257 0.13
259 0.135
261 0.133
263 0.134
265 0.131
267 0.124
269 0.129
271 0.136
273 0.133
275 0.132
277 0.136
279 0.133
281 0.136
283 0.132
285 0.129
287 0.13
289 0.134
291 0.132
293 0.124
295 0.133
297 0.133
299 0.135
